Using pre-set license
Built from '2020.3/staging' branch; Version is '2020.3.17f1 (a4537701e4ab) revision 10769271'; Using compiler version '192528614'; Build Type 'Release'
OS: 'Windows 10 Home; OS build 19043.1466; Version 2009; 64bit' Language: 'en' Physical Memory: 15731 MB
BatchMode: 1, IsHumanControllingUs: 0, StartBugReporterOnCrash: 0, Is64bit: 1, IsPro: 0

COMMAND LINE ARGUMENTS:
C:\Program Files\Unity\Hub\Editor\2020.3.17f1\Editor\Unity.exe
-adb2
-batchMode
-noUpm
-name
AssetImportWorker0
-projectPath
C:/Users/ruben/Desktop/Hexagon git/Ruben_Cruypelans_hexen2021/Ruben_Cruypelans_hexen2021
-logFile
Logs/AssetImportWorker0.log
-srvPort
53321
Successfully changed project path to: C:/Users/ruben/Desktop/Hexagon git/Ruben_Cruypelans_hexen2021/Ruben_Cruypelans_hexen2021
C:/Users/ruben/Desktop/Hexagon git/Ruben_Cruypelans_hexen2021/Ruben_Cruypelans_hexen2021
Using Asset Import Pipeline V2.
Refreshing native plugins compatible for Editor in 28.44 ms, found 2 plugins.
Preloading 0 native plugins for Editor in 0.00 ms.
Initialize engine version: 2020.3.17f1 (a4537701e4ab)
[Subsystems] Discovering subsystems at path C:/Program Files/Unity/Hub/Editor/2020.3.17f1/Editor/Data/Resources/UnitySubsystems
[Subsystems] Discovering subsystems at path C:/Users/ruben/Desktop/Hexagon git/Ruben_Cruypelans_hexen2021/Ruben_Cruypelans_hexen2021/Assets
GfxDevice: creating device client; threaded=0
Direct3D:
    Version:  Direct3D 11.0 [level 11.1]
    Renderer: NVIDIA GeForce RTX 2060 (ID=0x1f15)
    Vendor:   
    VRAM:     5980 MB
    Driver:   27.21.14.6280
Initialize mono
Mono path[0] = 'C:/Program Files/Unity/Hub/Editor/2020.3.17f1/Editor/Data/Managed'
Mono path[1] = 'C:/Program Files/Unity/Hub/Editor/2020.3.17f1/Editor/Data/MonoBleedingEdge/lib/mono/unityjit'
Mono config path = 'C:/Program Files/Unity/Hub/Editor/2020.3.17f1/Editor/Data/MonoBleedingEdge/etc'
Using monoOptions --debugger-agent=transport=dt_socket,embedding=1,server=y,suspend=n,address=127.0.0.1:56216
Begin MonoManager ReloadAssembly
Registering precompiled unity dll's ...
Register platform support module: C:/Program Files/Unity/Hub/Editor/2020.3.17f1/Editor/Data/PlaybackEngines/WindowsStandaloneSupport/UnityEditor.WindowsStandalone.Extensions.dll
Registered in 0.002261 seconds.
Native extension for WindowsStandalone target not found
Refreshing native plugins compatible for Editor in 26.16 ms, found 2 plugins.
Preloading 0 native plugins for Editor in 0.00 ms.
Mono: successfully reloaded assembly
- Completed reload, in  1.879 seconds
Domain Reload Profiling:
	ReloadAssembly (1880ms)
		BeginReloadAssembly (58ms)
			ExecutionOrderSort (0ms)
			DisableScriptedObjects (0ms)
			BackupInstance (0ms)
			ReleaseScriptingObjects (0ms)
			CreateAndSetChildDomain (1ms)
		EndReloadAssembly (373ms)
			LoadAssemblies (56ms)
			RebuildTransferFunctionScriptingTraits (0ms)
			SetupTypeCache (140ms)
			ReleaseScriptCaches (0ms)
			RebuildScriptCaches (28ms)
			SetupLoadedEditorAssemblies (139ms)
				LogAssemblyErrors (0ms)
				InitializePlatformSupportModulesInManaged (4ms)
				SetLoadedEditorAssemblies (0ms)
				RefreshPlugins (26ms)
				BeforeProcessingInitializeOnLoad (15ms)
				ProcessInitializeOnLoadAttributes (69ms)
				ProcessInitializeOnLoadMethodAttributes (26ms)
				AfterProcessingInitializeOnLoad (0ms)
				EditorAssembliesLoaded (0ms)
			ExecutionOrderSort2 (0ms)
			AwakeInstancesAfterBackupRestoration (0ms)
Platform modules already initialized, skipping
Registering precompiled user dll's ...
Registered in 0.006509 seconds.
Begin MonoManager ReloadAssembly
Native extension for WindowsStandalone target not found
Refreshing native plugins compatible for Editor in 0.34 ms, found 2 plugins.
Preloading 0 native plugins for Editor in 0.00 ms.
Mono: successfully reloaded assembly
- Completed reload, in  0.980 seconds
Domain Reload Profiling:
	ReloadAssembly (980ms)
		BeginReloadAssembly (136ms)
			ExecutionOrderSort (0ms)
			DisableScriptedObjects (4ms)
			BackupInstance (0ms)
			ReleaseScriptingObjects (0ms)
			CreateAndSetChildDomain (18ms)
		EndReloadAssembly (788ms)
			LoadAssemblies (84ms)
			RebuildTransferFunctionScriptingTraits (0ms)
			SetupTypeCache (245ms)
			ReleaseScriptCaches (0ms)
			RebuildScriptCaches (37ms)
			SetupLoadedEditorAssemblies (346ms)
				LogAssemblyErrors (0ms)
				InitializePlatformSupportModulesInManaged (5ms)
				SetLoadedEditorAssemblies (0ms)
				RefreshPlugins (0ms)
				BeforeProcessingInitializeOnLoad (79ms)
				ProcessInitializeOnLoadAttributes (250ms)
				ProcessInitializeOnLoadMethodAttributes (5ms)
				AfterProcessingInitializeOnLoad (7ms)
				EditorAssembliesLoaded (0ms)
			ExecutionOrderSort2 (0ms)
			AwakeInstancesAfterBackupRestoration (6ms)
Platform modules already initialized, skipping
========================================================================
Worker process is ready to serve import requests
Launched and connected shader compiler UnityShaderCompiler.exe after 0.05 seconds
Refreshing native plugins compatible for Editor in 0.32 ms, found 2 plugins.
Preloading 0 native plugins for Editor in 0.00 ms.
Unloading 1438 Unused Serialized files (Serialized files now loaded: 0)
System memory in use before: 66.6 MB.
System memory in use after: 66.7 MB.

Unloading 22 unused Assets to reduce memory usage. Loaded Objects now: 1868.
Total: 3.171200 ms (FindLiveObjects: 0.213700 ms CreateObjectMapping: 0.036400 ms MarkObjects: 2.841100 ms  DeleteObjects: 0.078000 ms)

AssetImportParameters requested are different than current active one (requested -> active):
  custom:framework-win-MediaFoundation: 216162199b28c13a410421893ffa2e32 -> 
  custom:video-decoder-ogg-theora: a1e56fd34408186e4bbccfd4996cb3dc -> 
  custom:container-muxer-webm: aa71ff27fc2769a1b78a27578f13a17b -> 
  custom:container-demuxer-webm: 4f35f7cbe854078d1ac9338744f61a02 -> 
  custom:container-demuxer-ogg: 62fdf1f143b41e24485cea50d1cbac27 -> 
  custom:video-encoder-webm-vp8: eb34c28f22e8b96e1ab97ce403110664 -> 
  custom:video-codec-MediaFoundation-h265: 746d11721c4dcdbdad8f713fa42b33f4 -> 
  custom:video-decoder-webm-vp8: 9c59270c3fd7afecdb556c50c9e8de78 -> 
  custom:audio-decoder-ogg-vorbis: bf7c407c2cedff20999df2af8eb42d56 -> 
  custom:audio-encoder-webm-vorbis: bf7c407c2cedff20999df2af8eb42d56 -> 
========================================================================
Received Import Request.
  path: Assets/Prefabs
  artifactKey: Guid(425f61a70cf83224b9534ab7300b2059) Importer(815301076,1909f56bfc062723c751e8b465ee728b)
Start importing Assets/Prefabs using Guid(425f61a70cf83224b9534ab7300b2059) Importer(815301076,1909f56bfc062723c751e8b465ee728b)  -> (artifact id: 'd55b8fbe1a40b7dc738f3dda7bb5e342') in 0.012591 seconds 
  Import took 0.016179 seconds .

========================================================================
Received Import Request.
  Time since last request: 13.069280 seconds.
  path: Assets/Prefabs/Bomb card.prefab
  artifactKey: Guid(9ca26c4993efa2c418d2f5b60f43f61a) Importer(815301076,1909f56bfc062723c751e8b465ee728b)
Start importing Assets/Prefabs/Bomb card.prefab using Guid(9ca26c4993efa2c418d2f5b60f43f61a) Importer(815301076,1909f56bfc062723c751e8b465ee728b)  -> (artifact id: '3d4ab153a2d9f5e9f4ee6f094fbed904') in 0.064762 seconds 
  Import took 0.067770 seconds .

========================================================================
Received Import Request.
  Time since last request: 11.417796 seconds.
  path: Assets/Scripts
  artifactKey: Guid(d94c785a9bd5c564db1e8c55fb6e960e) Importer(815301076,1909f56bfc062723c751e8b465ee728b)
Start importing Assets/Scripts using Guid(d94c785a9bd5c564db1e8c55fb6e960e) Importer(815301076,1909f56bfc062723c751e8b465ee728b)  -> (artifact id: '6c34f66c3a9756ccff3d5115532956cf') in 0.007313 seconds 
  Import took 0.016542 seconds .

========================================================================
Received Import Request.
  Time since last request: 19.328341 seconds.
  path: Assets/Scripts/HexSystem
  artifactKey: Guid(467a31521579aa04d84911790aedfa3c) Importer(815301076,1909f56bfc062723c751e8b465ee728b)
Start importing Assets/Scripts/HexSystem using Guid(467a31521579aa04d84911790aedfa3c) Importer(815301076,1909f56bfc062723c751e8b465ee728b)  -> (artifact id: '8808184c5c240ff9c6073a0ddb1c3085') in 0.007381 seconds 
  Import took 0.010847 seconds .

========================================================================
Received Import Request.
  Time since last request: 0.062850 seconds.
  path: Assets/Scripts/HexSystem/DAE.HexSystem.asmdef
  artifactKey: Guid(6e7832eb52dbef64585ba06387a9f470) Importer(815301076,1909f56bfc062723c751e8b465ee728b)
Start importing Assets/Scripts/HexSystem/DAE.HexSystem.asmdef using Guid(6e7832eb52dbef64585ba06387a9f470) Importer(815301076,1909f56bfc062723c751e8b465ee728b)  -> (artifact id: '072009f9c936bd2e1d27b0f3e71d15ce') in 0.009972 seconds 
  Import took 0.013562 seconds .

========================================================================
Received Import Request.
  Time since last request: 1.883644 seconds.
  path: Assets/Scripts/HexSystem/CardType.cs
  artifactKey: Guid(6d550d04e7d76aa418209b105287b018) Importer(815301076,1909f56bfc062723c751e8b465ee728b)
Start importing Assets/Scripts/HexSystem/CardType.cs using Guid(6d550d04e7d76aa418209b105287b018) Importer(815301076,1909f56bfc062723c751e8b465ee728b)  -> (artifact id: '75aae53dcf679851e8f2929dc156666c') in 0.011908 seconds 
  Import took 0.014842 seconds .

========================================================================
Received Import Request.
  Time since last request: 0.003452 seconds.
  path: Assets/Scripts/HexSystem/CardType.cs
  artifactKey: Guid(6d550d04e7d76aa418209b105287b018) Importer(815301076,1909f56bfc062723c751e8b465ee728b)
Start importing Assets/Scripts/HexSystem/CardType.cs using Guid(6d550d04e7d76aa418209b105287b018) Importer(815301076,1909f56bfc062723c751e8b465ee728b)  -> (artifact id: '75aae53dcf679851e8f2929dc156666c') in 0.002752 seconds 
  Import took 0.006205 seconds .

========================================================================
Received Import Request.
  Time since last request: 17.443900 seconds.
  path: Assets/Scripts/HexSystem/CardType.cs
  artifactKey: Guid(6d550d04e7d76aa418209b105287b018) Importer(815301076,1909f56bfc062723c751e8b465ee728b)
Start importing Assets/Scripts/HexSystem/CardType.cs using Guid(6d550d04e7d76aa418209b105287b018) Importer(815301076,1909f56bfc062723c751e8b465ee728b)  -> (artifact id: 'be739a615ea03e1d1768add5441344c7') in 0.003590 seconds 
  Import took 0.006942 seconds .

========================================================================
Received Prepare
Registering precompiled user dll's ...
Registered in 0.006095 seconds.
Begin MonoManager ReloadAssembly
Native extension for WindowsStandalone target not found
Refreshing native plugins compatible for Editor in 0.34 ms, found 2 plugins.
Preloading 0 native plugins for Editor in 0.00 ms.
Mono: successfully reloaded assembly
- Completed reload, in  0.935 seconds
Domain Reload Profiling:
	ReloadAssembly (935ms)
		BeginReloadAssembly (117ms)
			ExecutionOrderSort (0ms)
			DisableScriptedObjects (4ms)
			BackupInstance (0ms)
			ReleaseScriptingObjects (0ms)
			CreateAndSetChildDomain (33ms)
		EndReloadAssembly (762ms)
			LoadAssemblies (81ms)
			RebuildTransferFunctionScriptingTraits (0ms)
			SetupTypeCache (238ms)
			ReleaseScriptCaches (1ms)
			RebuildScriptCaches (34ms)
			SetupLoadedEditorAssemblies (325ms)
				LogAssemblyErrors (0ms)
				InitializePlatformSupportModulesInManaged (5ms)
				SetLoadedEditorAssemblies (0ms)
				RefreshPlugins (0ms)
				BeforeProcessingInitializeOnLoad (67ms)
				ProcessInitializeOnLoadAttributes (240ms)
				ProcessInitializeOnLoadMethodAttributes (4ms)
				AfterProcessingInitializeOnLoad (7ms)
				EditorAssembliesLoaded (0ms)
			ExecutionOrderSort2 (0ms)
			AwakeInstancesAfterBackupRestoration (7ms)
Platform modules already initialized, skipping
Refreshing native plugins compatible for Editor in 0.34 ms, found 2 plugins.
Preloading 0 native plugins for Editor in 0.00 ms.
Unloading 1432 Unused Serialized files (Serialized files now loaded: 0)
System memory in use before: 66.5 MB.
System memory in use after: 66.6 MB.

Unloading 17 unused Assets to reduce memory usage. Loaded Objects now: 1870.
Total: 3.701700 ms (FindLiveObjects: 0.207500 ms CreateObjectMapping: 0.063000 ms MarkObjects: 3.409000 ms  DeleteObjects: 0.020400 ms)

AssetImportParameters requested are different than current active one (requested -> active):
  custom:framework-win-MediaFoundation: 216162199b28c13a410421893ffa2e32 -> 
  custom:video-decoder-ogg-theora: a1e56fd34408186e4bbccfd4996cb3dc -> 
  custom:container-muxer-webm: aa71ff27fc2769a1b78a27578f13a17b -> 
  custom:container-demuxer-webm: 4f35f7cbe854078d1ac9338744f61a02 -> 
  custom:container-demuxer-ogg: 62fdf1f143b41e24485cea50d1cbac27 -> 
  custom:video-encoder-webm-vp8: eb34c28f22e8b96e1ab97ce403110664 -> 
  custom:video-codec-MediaFoundation-h265: 746d11721c4dcdbdad8f713fa42b33f4 -> 
  custom:video-decoder-webm-vp8: 9c59270c3fd7afecdb556c50c9e8de78 -> 
  custom:audio-decoder-ogg-vorbis: bf7c407c2cedff20999df2af8eb42d56 -> 
  custom:audio-encoder-webm-vorbis: bf7c407c2cedff20999df2af8eb42d56 -> 
========================================================================
Received Import Request.
  Time since last request: 106.714479 seconds.
  path: Assets/Prefabs/Bomb card.prefab
  artifactKey: Guid(9ca26c4993efa2c418d2f5b60f43f61a) Importer(815301076,1909f56bfc062723c751e8b465ee728b)
Start importing Assets/Prefabs/Bomb card.prefab using Guid(9ca26c4993efa2c418d2f5b60f43f61a) Importer(815301076,1909f56bfc062723c751e8b465ee728b)  -> (artifact id: '2d725fdbf9e6a45ae6995be17411a75a') in 0.026878 seconds 
  Import took 0.029223 seconds .

========================================================================
Received Import Request.
  Time since last request: 0.000249 seconds.
  path: Assets/Prefabs/Push card.prefab
  artifactKey: Guid(08160fd7ac077d949a6c3e80a459c390) Importer(815301076,1909f56bfc062723c751e8b465ee728b)
Start importing Assets/Prefabs/Push card.prefab using Guid(08160fd7ac077d949a6c3e80a459c390) Importer(815301076,1909f56bfc062723c751e8b465ee728b)  -> (artifact id: 'dd71e560eb7d460be37b410747e67bea') in 0.008970 seconds 
  Import took 0.021177 seconds .

========================================================================
Received Import Request.
  Time since last request: 0.000240 seconds.
  path: Assets/Prefabs/card.prefab
  artifactKey: Guid(2f972027a3e6f0a4e82268d9480f720a) Importer(815301076,1909f56bfc062723c751e8b465ee728b)
Start importing Assets/Prefabs/card.prefab using Guid(2f972027a3e6f0a4e82268d9480f720a) Importer(815301076,1909f56bfc062723c751e8b465ee728b)  -> (artifact id: '09b728873deedc858a2a796f2d5245d8') in 0.010151 seconds 
  Import took 0.013022 seconds .

========================================================================
Received Import Request.
  Time since last request: 0.000267 seconds.
  path: Assets/Prefabs/Laser card.prefab
  artifactKey: Guid(348b09a3f5da65e48b5b006637008d12) Importer(815301076,1909f56bfc062723c751e8b465ee728b)
Start importing Assets/Prefabs/Laser card.prefab using Guid(348b09a3f5da65e48b5b006637008d12) Importer(815301076,1909f56bfc062723c751e8b465ee728b)  -> (artifact id: '0b1bef8bd2e505a3bef87e3b8b749ccf') in 0.010364 seconds 
  Import took 0.013014 seconds .

========================================================================
Received Import Request.
  Time since last request: 0.000235 seconds.
  path: Assets/Prefabs/Teleport card.prefab
  artifactKey: Guid(b87732b1afff5e340a7623536d138cd4) Importer(815301076,1909f56bfc062723c751e8b465ee728b)
Start importing Assets/Prefabs/Teleport card.prefab using Guid(b87732b1afff5e340a7623536d138cd4) Importer(815301076,1909f56bfc062723c751e8b465ee728b)  -> (artifact id: 'c63fd14580c3bd8724cc9c9bcb793514') in 0.010171 seconds 
  Import took 0.013408 seconds .

========================================================================
Received Import Request.
  Time since last request: 0.000326 seconds.
  path: Assets/Prefabs/Slash card.prefab
  artifactKey: Guid(bfcce235771b3c749998d3d2a6a0d658) Importer(815301076,1909f56bfc062723c751e8b465ee728b)
Start importing Assets/Prefabs/Slash card.prefab using Guid(bfcce235771b3c749998d3d2a6a0d658) Importer(815301076,1909f56bfc062723c751e8b465ee728b)  -> (artifact id: '1aabee27db623892670e703b9ce55702') in 0.010074 seconds 
  Import took 0.013288 seconds .

